<?xml version="1.0" encoding="UTF-8"?>
<!-- Generated by org.testng.reporters.JUnitReportReporter -->
<testsuite hostname="DESKTOP-JMH282T" failures="0" tests="5" name="Manager.Login" time="35.995" errors="0" timestamp="2023-01-15T21:39:10 GMT" skipped="0">
  <testcase classname="Manager.Login" name="LoginAsManager" time="12.024"/>
  <system-out/>
  <testcase classname="Manager.Login" name="OpenAcountAsManager" time="10.662"/>
  <system-out/>
  <testcase classname="Manager.Login" name="CustomersAsManager" time="4.841"/>
  <system-out/>
  <testcase classname="Manager.Login" name="CheckDeletion" time="6.235"/>
  <system-out/>
  <testcase classname="Manager.Login" name="CheckTheAddName" time="2.233"/>
  <system-out/>
</testsuite> <!-- Manager.Login -->
