<?xml version="1.0" encoding="UTF-8"?>
<!-- Generated by org.testng.reporters.JUnitReportReporter -->
<testsuite hostname="DESKTOP-JMH282T" failures="0" tests="3" name="Customers.Login" time="6.186" errors="0" timestamp="2023-01-15T19:57:14 GMT" skipped="0">
  <testcase classname="Customers.Login" name="LoginAsCustomer" time="2.214"/>
  <system-out/>
  <testcase classname="Customers.Login" name="AddingAmount" time="3.737"/>
  <system-out/>
  <testcase classname="Customers.Login" name="Withdraw_invalid_amount" time="0.235"/>
  <system-out/>
</testsuite> <!-- Customers.Login -->
